\BOOKMARK [0][-]{chapter*.2}{\376\377\000A\000g\000r\000a\000d\000e\000c\000i\000m\000i\000e\000n\000t\000o\000s}{}% 1
\BOOKMARK [0][-]{chapter*.3}{\376\377\000R\000e\000s\000u\000m\000e\000n}{}% 2
\BOOKMARK [0][-]{chapter*.4}{\376\377\000A\000b\000s\000t\000r\000a\000c\000t}{}% 3
\BOOKMARK [0][-]{chapter.1}{\376\377\000I\000n\000t\000r\000o\000d\000u\000c\000c\000i\000\363\000n}{}% 4
\BOOKMARK [1][-]{section.1.1}{\376\377\000M\000o\000t\000i\000v\000a\000c\000i\000\363\000n}{chapter.1}% 5
\BOOKMARK [2][-]{subsection.1.1.1}{\376\377\000P\000r\000o\000b\000l\000e\000m\000\341\000t\000i\000c\000a\000\040\000d\000e\000l\000\040\000S\000h\000a\000d\000o\000w\000\040\000A\000I\000\040\000e\000n\000\040\000E\000n\000t\000o\000r\000n\000o\000s\000\040\000C\000o\000r\000p\000o\000r\000a\000t\000i\000v\000o\000s}{section.1.1}% 6
\BOOKMARK [1][-]{section.1.2}{\376\377\000O\000b\000j\000e\000t\000i\000v\000o\000s\000\040\000d\000e\000l\000\040\000P\000r\000o\000y\000e\000c\000t\000o}{chapter.1}% 7
\BOOKMARK [1][-]{section.1.3}{\376\377\000A\000l\000c\000a\000n\000c\000e\000\040\000y\000\040\000L\000i\000m\000i\000t\000a\000c\000i\000o\000n\000e\000s}{chapter.1}% 8
\BOOKMARK [2][-]{subsection.1.3.1}{\376\377\000A\000l\000c\000a\000n\000c\000e}{section.1.3}% 9
\BOOKMARK [2][-]{subsection.1.3.2}{\376\377\000L\000i\000m\000i\000t\000a\000c\000i\000o\000n\000e\000s}{section.1.3}% 10
\BOOKMARK [1][-]{section.1.4}{\376\377\000C\000o\000n\000t\000r\000i\000b\000u\000c\000i\000o\000n\000e\000s\000\040\000P\000r\000i\000n\000c\000i\000p\000a\000l\000e\000s}{chapter.1}% 11
\BOOKMARK [1][-]{section.1.5}{\376\377\000E\000s\000t\000r\000u\000c\000t\000u\000r\000a\000\040\000d\000e\000\040\000l\000a\000\040\000M\000e\000m\000o\000r\000i\000a}{chapter.1}% 12
\BOOKMARK [0][-]{chapter.2}{\376\377\000E\000s\000t\000a\000d\000o\000\040\000d\000e\000l\000\040\000A\000r\000t\000e}{}% 13
\BOOKMARK [1][-]{section.2.1}{\376\377\000G\000r\000a\000n\000d\000e\000s\000\040\000M\000o\000d\000e\000l\000o\000s\000\040\000d\000e\000\040\000L\000e\000n\000g\000u\000a\000j\000e\000\040\000\050\000L\000L\000M\000s\000\051}{chapter.2}% 14
\BOOKMARK [2][-]{subsection.2.1.1}{\376\377\000M\000o\000d\000e\000l\000o\000s\000\040\000C\000o\000m\000e\000r\000c\000i\000a\000l\000e\000s\000\040\000v\000s\000.\000\040\000C\000\363\000d\000i\000g\000o\000\040\000A\000b\000i\000e\000r\000t\000o}{section.2.1}% 15
\BOOKMARK [1][-]{section.2.2}{\376\377\000G\000e\000n\000e\000r\000a\000c\000i\000\363\000n\000\040\000A\000u\000m\000e\000n\000t\000a\000d\000a\000\040\000p\000o\000r\000\040\000R\000e\000c\000u\000p\000e\000r\000a\000c\000i\000\363\000n\000\040\000\050\000R\000A\000G\000\051}{chapter.2}% 16
\BOOKMARK [2][-]{subsection.2.2.1}{\376\377\000V\000a\000r\000i\000a\000n\000t\000e\000s\000\040\000A\000v\000a\000n\000z\000a\000d\000a\000s\000\040\000d\000e\000\040\000R\000A\000G}{section.2.2}% 17
\BOOKMARK [1][-]{section.2.3}{\376\377\000M\000o\000d\000e\000l\000o\000s\000\040\000d\000e\000\040\000E\000m\000b\000e\000d\000d\000i\000n\000g\000s}{chapter.2}% 18
\BOOKMARK [1][-]{section.2.4}{\376\377\000B\000a\000s\000e\000s\000\040\000d\000e\000\040\000D\000a\000t\000o\000s\000\040\000V\000e\000c\000t\000o\000r\000i\000a\000l\000e\000s}{chapter.2}% 19
\BOOKMARK [1][-]{section.2.5}{\376\377\000C\000u\000a\000n\000t\000i\000z\000a\000c\000i\000\363\000n\000\040\000d\000e\000\040\000M\000o\000d\000e\000l\000o\000s}{chapter.2}% 20
\BOOKMARK [1][-]{section.2.6}{\376\377\000A\000j\000u\000s\000t\000e\000\040\000F\000i\000n\000o\000\040\000E\000f\000i\000c\000i\000e\000n\000t\000e\000\040\000c\000o\000n\000\040\000L\000o\000R\000A}{chapter.2}% 21
\BOOKMARK [1][-]{section.2.7}{\376\377\000M\000o\000d\000e\000l\000\040\000C\000o\000n\000t\000e\000x\000t\000\040\000P\000r\000o\000t\000o\000c\000o\000l\000\040\000\050\000M\000C\000P\000\051}{chapter.2}% 22
\BOOKMARK [1][-]{section.2.8}{\376\377\000T\000e\000c\000n\000o\000l\000o\000g\000\355\000a\000s\000\040\000d\000e\000\040\000S\000o\000p\000o\000r\000t\000e\000\040\000d\000e\000l\000\040\000E\000c\000o\000s\000i\000s\000t\000e\000m\000a}{chapter.2}% 23
\BOOKMARK [0][-]{chapter.3}{\376\377\000M\000e\000t\000o\000d\000o\000l\000o\000g\000\355\000a}{}% 24
\BOOKMARK [1][-]{section.3.1}{\376\377\000P\000r\000o\000c\000e\000s\000o\000\040\000d\000e\000\040\000D\000e\000s\000a\000r\000r\000o\000l\000l\000o}{chapter.3}% 25
\BOOKMARK [2][-]{subsection.3.1.1}{\376\377\000I\000t\000e\000r\000a\000c\000i\000o\000n\000e\000s\000\040\000d\000e\000\040\000D\000e\000s\000a\000r\000r\000o\000l\000l\000o}{section.3.1}% 26
\BOOKMARK [2][-]{subsection.3.1.2}{\376\377\000D\000i\000a\000g\000r\000a\000m\000a\000\040\000d\000e\000\040\000G\000A\000N\000T\000T}{section.3.1}% 27
\BOOKMARK [1][-]{section.3.2}{\376\377\000E\000n\000t\000o\000r\000n\000o\000\040\000H\000a\000r\000d\000w\000a\000r\000e}{chapter.3}% 28
\BOOKMARK [1][-]{section.3.3}{\376\377\000S\000t\000a\000c\000k\000\040\000T\000e\000c\000n\000o\000l\000\363\000g\000i\000c\000o}{chapter.3}% 29
\BOOKMARK [1][-]{section.3.4}{\376\377\000H\000e\000r\000r\000a\000m\000i\000e\000n\000t\000a\000s\000\040\000y\000\040\000C\000o\000n\000t\000r\000o\000l\000\040\000d\000e\000\040\000V\000e\000r\000s\000i\000o\000n\000e\000s}{chapter.3}% 30
\BOOKMARK [2][-]{subsection.3.4.1}{\376\377\000I\000n\000t\000e\000g\000r\000a\000c\000i\000\363\000n\000\040\000C\000o\000n\000t\000i\000n\000u\000a\000\040\000c\000o\000n\000\040\000G\000i\000t\000H\000u\000b\000\040\000A\000c\000t\000i\000o\000n\000s}{section.3.4}% 31
\BOOKMARK [1][-]{section.3.5}{\376\377\000E\000s\000t\000i\000m\000a\000c\000i\000\363\000n\000\040\000d\000e\000\040\000P\000r\000e\000s\000u\000p\000u\000e\000s\000t\000o}{chapter.3}% 32
\BOOKMARK [1][-]{section.3.6}{\376\377\000G\000e\000s\000t\000i\000\363\000n\000\040\000d\000e\000\040\000R\000i\000e\000s\000g\000o\000s}{chapter.3}% 33
\BOOKMARK [1][-]{section.3.7}{\376\377\000I\000m\000p\000a\000c\000t\000o\000\040\000d\000e\000\040\000A\000s\000i\000g\000n\000a\000t\000u\000r\000a\000s\000\040\000C\000u\000r\000s\000a\000d\000a\000s\000\040\000e\000n\000\040\000l\000a\000\040\000C\000a\000r\000r\000e\000r\000a}{chapter.3}% 34
\BOOKMARK [2][-]{subsection.3.7.1}{\376\377\000C\000o\000n\000o\000c\000i\000m\000i\000e\000n\000t\000o\000s\000\040\000A\000p\000l\000i\000c\000a\000d\000o\000s\000\040\000d\000e\000l\000\040\000G\000r\000a\000d\000o}{section.3.7}% 35
\BOOKMARK [2][-]{subsection.3.7.2}{\376\377\000C\000o\000n\000o\000c\000i\000m\000i\000e\000n\000t\000o\000s\000\040\000A\000d\000q\000u\000i\000r\000i\000d\000o\000s\000\040\000d\000e\000\040\000F\000o\000r\000m\000a\000\040\000A\000u\000t\000\363\000n\000o\000m\000a}{section.3.7}% 36
\BOOKMARK [1][-]{section.3.8}{\376\377\000E\000s\000t\000r\000a\000t\000e\000g\000i\000a\000\040\000d\000e\000\040\000D\000o\000c\000u\000m\000e\000n\000t\000a\000c\000i\000\363\000n}{chapter.3}% 37
\BOOKMARK [2][-]{subsection.3.8.1}{\376\377\000R\000e\000d\000a\000c\000c\000i\000\363\000n\000\040\000d\000e\000\040\000l\000a\000\040\000M\000e\000m\000o\000r\000i\000a}{section.3.8}% 38
\BOOKMARK [0][-]{chapter.4}{\376\377\000A\000r\000q\000u\000i\000t\000e\000c\000t\000u\000r\000a\000\040\000d\000e\000l\000\040\000S\000i\000s\000t\000e\000m\000a}{}% 39
\BOOKMARK [1][-]{section.4.1}{\376\377\000V\000i\000s\000t\000a\000\040\000G\000e\000n\000e\000r\000a\000l\000\040\000e\000n\000\040\000C\000a\000p\000a\000s}{chapter.4}% 40
\BOOKMARK [2][-]{subsection.4.1.1}{\376\377\000C\000a\000p\000a\000\040\000d\000e\000\040\000P\000r\000e\000s\000e\000n\000t\000a\000c\000i\000\363\000n\000\040\000\050\000F\000r\000o\000n\000t\000e\000n\000d\000\051}{section.4.1}% 41
\BOOKMARK [2][-]{subsection.4.1.2}{\376\377\000C\000a\000p\000a\000\040\000d\000e\000\040\000S\000e\000g\000u\000r\000i\000d\000a\000d\000\040\000P\000e\000r\000i\000m\000e\000t\000r\000a\000l}{section.4.1}% 42
\BOOKMARK [2][-]{subsection.4.1.3}{\376\377\000C\000a\000p\000a\000\040\000d\000e\000\040\000O\000r\000q\000u\000e\000s\000t\000a\000c\000i\000\363\000n\000\040\000y\000\040\000E\000n\000r\000u\000t\000a\000m\000i\000e\000n\000t\000o\000\040\000I\000n\000t\000e\000l\000i\000g\000e\000n\000t\000e}{section.4.1}% 43
\BOOKMARK [2][-]{subsection.4.1.4}{\376\377\000C\000a\000p\000a\000\040\000d\000e\000\040\000A\000p\000l\000i\000c\000a\000c\000i\000\363\000n\000\040\000\050\000B\000a\000c\000k\000e\000n\000d\000\051}{section.4.1}% 44
\BOOKMARK [2][-]{subsection.4.1.5}{\376\377\000C\000a\000p\000a\000\040\000d\000e\000\040\000D\000a\000t\000o\000s}{section.4.1}% 45
\BOOKMARK [1][-]{section.4.2}{\376\377\000O\000r\000q\000u\000e\000s\000t\000a\000c\000i\000\363\000n\000\040\000c\000o\000n\000\040\000D\000o\000c\000k\000e\000r\000\040\000C\000o\000m\000p\000o\000s\000e}{chapter.4}% 46
\BOOKMARK [1][-]{section.4.3}{\376\377\000M\000o\000d\000e\000l\000o\000s\000\040\000d\000e\000\040\000I\000n\000t\000e\000l\000i\000g\000e\000n\000c\000i\000a\000\040\000A\000r\000t\000i\000f\000i\000c\000i\000a\000l\000\040\000D\000e\000s\000p\000l\000e\000g\000a\000d\000o\000s}{chapter.4}% 47
\BOOKMARK [1][-]{section.4.4}{\376\377\000F\000l\000u\000j\000o\000\040\000d\000e\000\040\000D\000a\000t\000o\000s\000\040\000E\000n\000d\000-\000t\000o\000-\000E\000n\000d}{chapter.4}% 48
\BOOKMARK [1][-]{section.4.5}{\376\377\000R\000e\000d\000e\000s\000,\000\040\000S\000e\000g\000u\000r\000i\000d\000a\000d\000\040\000y\000\040\000M\000o\000n\000i\000t\000o\000r\000i\000z\000a\000c\000i\000\363\000n}{chapter.4}% 49
\BOOKMARK [2][-]{subsection.4.5.1}{\376\377\000A\000i\000s\000l\000a\000m\000i\000e\000n\000t\000o\000\040\000d\000e\000\040\000R\000e\000d}{section.4.5}% 50
\BOOKMARK [2][-]{subsection.4.5.2}{\376\377\000A\000u\000t\000e\000n\000t\000i\000c\000a\000c\000i\000\363\000n\000\040\000S\000S\000O\000\040\000c\000o\000n\000\040\000A\000z\000u\000r\000e\000\040\000A\000D}{section.4.5}% 51
\BOOKMARK [2][-]{subsection.4.5.3}{\376\377\000S\000t\000a\000c\000k\000\040\000d\000e\000\040\000O\000b\000s\000e\000r\000v\000a\000b\000i\000l\000i\000d\000a\000d}{section.4.5}% 52
\BOOKMARK [0][-]{chapter.5}{\376\377\000I\000m\000p\000l\000e\000m\000e\000n\000t\000a\000c\000i\000\363\000n\000\040\000y\000\040\000R\000e\000s\000u\000l\000t\000a\000d\000o\000s}{}% 53
\BOOKMARK [1][-]{section.5.1}{\376\377\000A\000r\000q\000u\000i\000t\000e\000c\000t\000u\000r\000a\000\040\000d\000e\000l\000\040\000A\000g\000e\000n\000t\000e\000\040\000E\000n\000r\000u\000t\000a\000d\000o\000r\000\040\000J\000A\000R\000V\000I\000S}{chapter.5}% 54
\BOOKMARK [2][-]{subsection.5.1.1}{\376\377\000D\000e\000t\000e\000c\000c\000i\000\363\000n\000\040\000d\000e\000\040\000I\000n\000t\000e\000n\000c\000i\000o\000n\000e\000s}{section.5.1}% 55
\BOOKMARK [2][-]{subsection.5.1.2}{\376\377\000M\000e\000m\000o\000r\000i\000a\000\040\000d\000e\000\040\000S\000e\000s\000i\000\363\000n\000\040\000p\000o\000r\000\040\000U\000s\000u\000a\000r\000i\000o}{section.5.1}% 56
\BOOKMARK [2][-]{subsection.5.1.3}{\376\377\000C\000o\000n\000t\000r\000o\000l\000\040\000d\000e\000\040\000A\000c\000c\000e\000s\000o\000\040\000B\000a\000s\000a\000d\000o\000\040\000e\000n\000\040\000G\000r\000u\000p\000o\000s}{section.5.1}% 57
\BOOKMARK [1][-]{section.5.2}{\376\377\000P\000i\000p\000e\000l\000i\000n\000e\000\040\000d\000e\000\040\000E\000m\000b\000e\000d\000d\000i\000n\000g\000s\000\040\000y\000\040\000B\000\372\000s\000q\000u\000e\000d\000a\000\040\000S\000e\000m\000\341\000n\000t\000i\000c\000a}{chapter.5}% 58
\BOOKMARK [2][-]{subsection.5.2.1}{\376\377\000M\000o\000d\000e\000l\000o\000\040\000d\000e\000\040\000E\000m\000b\000e\000d\000d\000i\000n\000g\000s}{section.5.2}% 59
\BOOKMARK [2][-]{subsection.5.2.2}{\376\377\000E\000s\000t\000r\000a\000t\000e\000g\000i\000a\000\040\000d\000e\000\040\000C\000h\000u\000n\000k\000i\000n\000g}{section.5.2}% 60
\BOOKMARK [2][-]{subsection.5.2.3}{\376\377\000B\000\372\000s\000q\000u\000e\000d\000a\000\040\000H\000\355\000b\000r\000i\000d\000a\000\040\000e\000n\000\040\000Q\000d\000r\000a\000n\000t}{section.5.2}% 61
\BOOKMARK [1][-]{section.5.3}{\376\377\000E\000x\000t\000r\000a\000c\000c\000i\000\363\000n\000\040\000W\000e\000b\000\040\000\050\000S\000c\000r\000a\000p\000i\000n\000g\000\051}{chapter.5}% 62
\BOOKMARK [2][-]{subsection.5.3.1}{\376\377\000M\000o\000t\000o\000r\000\040\000d\000e\000\040\000R\000e\000n\000d\000e\000r\000i\000z\000a\000d\000o\000\040\000c\000o\000n\000\040\000P\000l\000a\000y\000w\000r\000i\000g\000h\000t}{section.5.3}% 63
\BOOKMARK [2][-]{subsection.5.3.2}{\376\377\000B\000\372\000s\000q\000u\000e\000d\000a\000\040\000e\000n\000\040\000I\000n\000t\000e\000r\000n\000e\000t}{section.5.3}% 64
\BOOKMARK [1][-]{section.5.4}{\376\377\000R\000e\000c\000o\000n\000o\000c\000i\000m\000i\000e\000n\000t\000o\000\040\000\323\000p\000t\000i\000c\000o\000\040\000d\000e\000\040\000C\000a\000r\000a\000c\000t\000e\000r\000e\000s\000\040\000\050\000O\000C\000R\000\051}{chapter.5}% 65
\BOOKMARK [2][-]{subsection.5.4.1}{\376\377\000M\000o\000t\000o\000r\000\040\000P\000a\000d\000d\000l\000e\000O\000C\000R\000\040\000c\000o\000n\000\040\000A\000c\000e\000l\000e\000r\000a\000c\000i\000\363\000n\000\040\000G\000P\000U}{section.5.4}% 66
\BOOKMARK [2][-]{subsection.5.4.2}{\376\377\000F\000l\000u\000j\000o\000\040\000d\000e\000\040\000P\000r\000o\000c\000e\000s\000a\000m\000i\000e\000n\000t\000o\000\040\000d\000e\000\040\000P\000D\000F\000s\000\040\000E\000s\000c\000a\000n\000e\000a\000d\000o\000s}{section.5.4}% 67
\BOOKMARK [1][-]{section.5.5}{\376\377\000I\000n\000t\000e\000g\000r\000a\000c\000i\000\363\000n\000\040\000c\000o\000n\000\040\000M\000i\000c\000r\000o\000s\000o\000f\000t\000\040\000S\000h\000a\000r\000e\000P\000o\000i\000n\000t}{chapter.5}% 68
\BOOKMARK [2][-]{subsection.5.5.1}{\376\377\000A\000u\000t\000e\000n\000t\000i\000c\000a\000c\000i\000\363\000n\000\040\000M\000S\000A\000L\000\040\000y\000\040\000M\000i\000c\000r\000o\000s\000o\000f\000t\000\040\000G\000r\000a\000p\000h}{section.5.5}% 69
\BOOKMARK [2][-]{subsection.5.5.2}{\376\377\000S\000i\000n\000c\000r\000o\000n\000i\000z\000a\000c\000i\000\363\000n\000\040\000D\000e\000l\000t\000a\000\040\000I\000n\000c\000r\000e\000m\000e\000n\000t\000a\000l}{section.5.5}% 70
\BOOKMARK [1][-]{section.5.6}{\376\377\000S\000e\000r\000v\000i\000d\000o\000r\000\040\000d\000e\000l\000\040\000B\000o\000l\000e\000t\000\355\000n\000\040\000O\000f\000i\000c\000i\000a\000l\000\040\000d\000e\000l\000\040\000E\000s\000t\000a\000d\000o\000\040\000\050\000B\000O\000E\000\051}{chapter.5}% 71
\BOOKMARK [2][-]{subsection.5.6.1}{\376\377\000I\000m\000p\000l\000e\000m\000e\000n\000t\000a\000c\000i\000\363\000n\000\040\000d\000e\000l\000\040\000P\000r\000o\000t\000o\000c\000o\000l\000o\000\040\000M\000C\000P}{section.5.6}% 72
\BOOKMARK [2][-]{subsection.5.6.2}{\376\377\000R\000e\000s\000o\000l\000u\000c\000i\000\363\000n\000\040\000S\000e\000m\000\341\000n\000t\000i\000c\000a\000\040\000d\000e\000\040\000L\000e\000y\000e\000s}{section.5.6}% 73
\BOOKMARK [1][-]{section.5.7}{\376\377\000F\000i\000n\000e\000-\000T\000u\000n\000i\000n\000g\000\040\000c\000o\000n\000\040\000L\000o\000R\000A}{chapter.5}% 74
\BOOKMARK [2][-]{subsection.5.7.1}{\376\377\000G\000e\000n\000e\000r\000a\000c\000i\000\363\000n\000\040\000d\000e\000l\000\040\000D\000a\000t\000a\000s\000e\000t\000\040\000d\000e\000\040\000E\000n\000t\000r\000e\000n\000a\000m\000i\000e\000n\000t\000o}{section.5.7}% 75
\BOOKMARK [2][-]{subsection.5.7.2}{\376\377\000E\000n\000t\000r\000e\000n\000a\000m\000i\000e\000n\000t\000o\000\040\000c\000o\000n\000\040\000L\000o\000w\000-\000R\000a\000n\000k\000\040\000A\000d\000a\000p\000t\000a\000t\000i\000o\000n}{section.5.7}% 76
\BOOKMARK [1][-]{section.5.8}{\376\377\000R\000e\000s\000u\000l\000t\000a\000d\000o\000s\000\040\000y\000\040\000E\000v\000a\000l\000u\000a\000c\000i\000\363\000n}{chapter.5}% 77
\BOOKMARK [2][-]{subsection.5.8.1}{\376\377\000M\000\351\000t\000r\000i\000c\000a\000s\000\040\000d\000e\000\040\000R\000e\000n\000d\000i\000m\000i\000e\000n\000t\000o}{section.5.8}% 78
\BOOKMARK [2][-]{subsection.5.8.2}{\376\377\000E\000v\000a\000l\000u\000a\000c\000i\000\363\000n\000\040\000C\000u\000a\000l\000i\000t\000a\000t\000i\000v\000a}{section.5.8}% 79
\BOOKMARK [2][-]{subsection.5.8.3}{\376\377\000M\000i\000t\000i\000g\000a\000c\000i\000\363\000n\000\040\000d\000e\000\040\000A\000l\000u\000c\000i\000n\000a\000c\000i\000o\000n\000e\000s}{section.5.8}% 80
\BOOKMARK [0][-]{chapter.6}{\376\377\000C\000o\000n\000c\000l\000u\000s\000i\000o\000n\000e\000s\000\040\000y\000\040\000T\000r\000a\000b\000a\000j\000o\000\040\000F\000u\000t\000u\000r\000o}{}% 81
\BOOKMARK [1][-]{section.6.1}{\376\377\000R\000e\000s\000u\000m\000e\000n\000\040\000G\000e\000n\000e\000r\000a\000l}{chapter.6}% 82
\BOOKMARK [1][-]{section.6.2}{\376\377\000C\000o\000n\000s\000e\000c\000u\000c\000i\000\363\000n\000\040\000d\000e\000\040\000O\000b\000j\000e\000t\000i\000v\000o\000s}{chapter.6}% 83
\BOOKMARK [2][-]{subsection.6.2.1}{\376\377\000F\000u\000n\000c\000i\000o\000n\000a\000l\000i\000d\000a\000d\000e\000s\000\040\000L\000o\000g\000r\000a\000d\000a\000s}{section.6.2}% 84
\BOOKMARK [1][-]{section.6.3}{\376\377\000C\000o\000m\000p\000a\000r\000a\000c\000i\000\363\000n\000\040\000c\000o\000n\000\040\000O\000t\000r\000o\000s\000\040\000S\000i\000s\000t\000e\000m\000a\000s}{chapter.6}% 85
\BOOKMARK [1][-]{section.6.4}{\376\377\000L\000e\000c\000c\000i\000o\000n\000e\000s\000\040\000A\000p\000r\000e\000n\000d\000i\000d\000a\000s}{chapter.6}% 86
\BOOKMARK [1][-]{section.6.5}{\376\377\000E\000s\000t\000i\000m\000a\000c\000i\000\363\000n\000\040\000d\000e\000\040\000D\000e\000d\000i\000c\000a\000c\000i\000\363\000n\000\040\000T\000o\000t\000a\000l}{chapter.6}% 87
\BOOKMARK [1][-]{section.6.6}{\376\377\000T\000r\000a\000b\000a\000j\000o\000\040\000F\000u\000t\000u\000r\000o\000\040\000y\000\040\000L\000\355\000n\000e\000a\000s\000\040\000d\000e\000\040\000E\000x\000p\000a\000n\000s\000i\000\363\000n}{chapter.6}% 88
\BOOKMARK [1][-]{section.6.7}{\376\377\000I\000m\000p\000a\000c\000t\000o\000\040\000y\000\040\000T\000r\000a\000n\000s\000f\000e\000r\000e\000n\000c\000i\000a}{chapter.6}% 89
